<?xml version="1.0" encoding="UTF-8"?>
<!-- Generated by org.testng.reporters.JUnitXMLReporter -->
<testsuite ignored="0" hostname="DESKTOP-LAFM9KP" failures="0" tests="1" name="Test-Runner-Firefox" time="69.083" errors="0" timestamp="2023-11-01T18:41:20 GST">
  <testcase classname="TestNg.CreatecontactWithOrgTestBaseClass" name="createNewContactWithOrgTest" time="42.21"/>
</testsuite> <!-- Test-Runner-Firefox -->
