<?xml version="1.0" encoding="UTF-8"?>
<!-- Generated by org.testng.reporters.JUnitReportReporter -->
<testsuite hostname="DESKTOP-LAFM9KP" failures="0" tests="2" name="TestNg.CreateContactTestBaseClassTest" time="63.832" errors="0" timestamp="2023-11-09T23:49:05 GST" skipped="0">
  <testcase classname="TestNg.CreateContactTestBaseClassTest" name="createNewContactTest" time="45.426"/>
  <testcase classname="TestNg.CreateContactTestBaseClassTest" name="demo" time="18.406"/>
</testsuite> <!-- TestNg.CreateContactTestBaseClassTest -->
