<?xml version="1.0" encoding="UTF-8"?>
<!-- Generated by org.testng.reporters.JUnitReportReporter -->
<testsuite hostname="DESKTOP-LAFM9KP" failures="0" tests="3" name="Practise.DataProviderPractise" time="0.025" errors="0" timestamp="2023-10-26T19:25:10 GST" skipped="0">
  <testcase classname="Practise.DataProviderPractise" name="readData" time="0.017"/>
  <system-out/>
  <testcase classname="Practise.DataProviderPractise" name="readData" time="0.005"/>
  <system-out/>
  <testcase classname="Practise.DataProviderPractise" name="readData" time="0.003"/>
  <system-out/>
</testsuite> <!-- Practise.DataProviderPractise -->
