<?xml version="1.0" encoding="UTF-8"?>
<!-- Generated by org.testng.reporters.JUnitReportReporter -->
<testsuite hostname="DESKTOP-LAFM9KP" failures="0" tests="6" name="TestNg.TestNgPractise1$TestNGPractice" time="0.085" errors="0" timestamp="2023-10-25T09:09:09 GST" skipped="0">
  <testcase classname="TestNg.TestNgPractise1$TestNGPractice" name="modiCustomer" time="0.011"/>
  <system-out/>
  <testcase classname="TestNg.TestNgPractise1$TestNGPractice" name="modiCustomer" time="0.026"/>
  <system-out/>
  <testcase classname="TestNg.TestNgPractise1$TestNGPractice" name="modiCustomer" time="0.010"/>
  <system-out/>
  <testcase classname="TestNg.TestNgPractise1$TestNGPractice" name="modiCustomer" time="0.009"/>
  <system-out/>
  <testcase classname="TestNg.TestNgPractise1$TestNGPractice" name="deleteCustomer" time="0.011"/>
  <system-out/>
  <testcase classname="TestNg.TestNgPractise1$TestNGPractice" name="deleteCustomer" time="0.018"/>
  <system-out/>
</testsuite> <!-- TestNg.TestNgPractise1$TestNGPractice -->
