<?xml version="1.0" encoding="UTF-8"?>
<!-- Generated by org.testng.reporters.JUnitReportReporter -->
<testsuite hostname="DESKTOP-LAFM9KP" failures="0" tests="3" name="TestNg.Testng2$TestNGPractice" time="0.035" errors="0" timestamp="2023-10-25T09:31:24 GST" skipped="1">
  <testcase classname="TestNg.Testng2$TestNGPractice" name="deleteCustomer" time="0.021"/>
  <system-out/>
  <testcase classname="TestNg.Testng2$TestNGPractice" name="modiCustomer" time="0.014"/>
  <system-out/>
  <testcase classname="TestNg.Testng2$TestNGPractice" name="createCustomer">
    <skipped/>
  </testcase> <!-- createCustomer -->
  <system-out/>
</testsuite> <!-- TestNg.Testng2$TestNGPractice -->
