<?xml version="1.0" encoding="UTF-8"?>
<!-- Generated by org.testng.reporters.JUnitReportReporter -->
<testsuite hostname="DESKTOP-LAFM9KP" failures="0" tests="1" name="Practise.ReaddatafromCmdLine" time="0.036" errors="0" timestamp="2023-11-10T00:11:19 GST" skipped="0">
  <testcase classname="Practise.ReaddatafromCmdLine" name="read" time="0.036"/>
</testsuite> <!-- Practise.ReaddatafromCmdLine -->
