<?xml version="1.0" encoding="UTF-8"?>
<!-- Generated by org.testng.reporters.JUnitReportReporter -->
<testsuite hostname="DESKTOP-LAFM9KP" failures="0" tests="1" name="TestNg.CreateContactTest" time="58.607" errors="0" timestamp="2023-10-20T01:32:04 GST" skipped="0">
  <testcase classname="TestNg.CreateContactTest" name="createNewContactTest" time="58.607"/>
  <system-out/>
</testsuite> <!-- TestNg.CreateContactTest -->
