<?xml version="1.0" encoding="UTF-8"?>
<!-- Generated by org.testng.reporters.JUnitReportReporter -->
<testsuite hostname="DESKTOP-LAFM9KP" failures="0" tests="3" name="TestNg.TestNGPractice" time="0.039" errors="0" timestamp="2023-10-27T23:01:16 GST" skipped="0">
  <testcase classname="TestNg.TestNGPractice" name="modiCustomer" time="0.022"/>
  <system-out/>
  <testcase classname="TestNg.TestNGPractice" name="createCustomer" time="0.014"/>
  <system-out/>
  <testcase classname="TestNg.TestNGPractice" name="deleteCustomer" time="0.003"/>
  <system-out/>
</testsuite> <!-- TestNg.TestNGPractice -->
